2024-06-18 18:42:29.922 - DBeaver 24.0.0.202403091004 is starting
2024-06-18 18:42:29.923 - OS: Windows 10 10.0 (amd64)
2024-06-18 18:42:29.924 - Java version: 17.0.6 by Eclipse Adoptium (64bit)
2024-06-18 18:42:29.924 - Install path: 'C:\Users\mycom\OneDrive\바탕 화면\coding\web\2_dbms\resource\dbeaver-ce-24.0.0-win32.win32.x86_64\dbeaver'
2024-06-18 18:42:29.925 - Instance path: 'file:/C:/Users/mycom/OneDrive/바탕 화면/coding/web/2_dbms/workspace/'
2024-06-18 18:42:29.928 - Memory available 64Mb/1024Mb
2024-06-18 18:42:29.943 - Create display
2024-06-18 18:42:30.165 - Initialize desktop platform...
2024-06-18 18:42:30.486 - BounceCastle bundle found. Use JCE provider BC
> Start Core File Systems [org.eclipse.core.filesystem 1.10.200.v20231102-0934]
> Start Core Resource Management [org.eclipse.core.resources 3.20.0.v20231102-0934]
> Start 팀 지원 핵심 [org.eclipse.team.core 3.10.200.v20231106-1240]
> Start DBeaver UI Navigator [org.jkiss.dbeaver.ui.navigator 1.0.126.202403091004]
2024-06-18 18:42:31.028 - Initialize base platform...
2024-06-18 18:42:31.068 - Platform initialized (903ms)
> Start DBeaver UI Editors - Base [org.jkiss.dbeaver.ui.editors.base 1.0.126.202403091004]
2024-06-18 18:42:31.154 - Starting instance server at http://localhost:50350
2024-06-18 18:42:31.170 - Run workbench
> Start Eclipse e4 작업영역 SWT [org.eclipse.e4.ui.workbench.swt 0.17.200.v20231030-2045]
> Start Eclipse Application Services [org.eclipse.e4.core.services 2.4.200.v20231103-2012]
> Start Eclipse UI Application Services [org.eclipse.e4.ui.services 1.6.200.v20231030-2045]
> Start Eclipse e4 Progress View [org.eclipse.e4.ui.progress 0.4.200.v20231030-2045]
> Start Eclipse Bindings Support [org.eclipse.e4.ui.bindings 0.14.200.v20231030-2045]
> Start Eclipse e4 core commands [org.eclipse.e4.core.commands 1.1.200.v20231108-1058]
> Start EMF XML/XMI Persistence [org.eclipse.emf.ecore.xmi 2.36.0.v20231002-1156]
> Start Eclipse CSS SWT Theme Support [org.eclipse.e4.ui.css.swt.theme 0.14.200.v20230913-1724]
> Start Eclipse e4 작업영역 기능 추가 [org.eclipse.e4.ui.workbench.addons.swt 1.5.200.v20231106-1600]
> Start Eclipse e4 작업영역 SWT 렌더러 [org.eclipse.e4.ui.workbench.renderers.swt 0.16.200.v20231030-2045]
> Start Eclipse Dependency Injection Extensions [org.eclipse.e4.core.di.extensions 0.18.100.v20231103-2012]
> Start Eclipse CSS SWT Support [org.eclipse.e4.ui.css.swt 0.15.200.v20231025-0632]
2024-06-18 18:42:34.837 - Configure workbench window
> Start DBeaver SQL Model [org.jkiss.dbeaver.model.sql 1.0.116.202403091004]
2024-06-18 18:42:35.186 - Total database drivers: 112 (112)
> Start 도움말 시스템 코어 [org.eclipse.help 3.10.200.v20231106-1240]
2024-06-18 18:42:35.346 - Create actions
2024-06-18 18:42:35.356 - Disable Eclipse action set 'org.eclipse.ui.edit.text.actionSet.annotationNavigation'
2024-06-18 18:42:35.357 - Disable Eclipse action set 'org.eclipse.ui.WorkingSetActionSet'
2024-06-18 18:42:35.357 - Disable Eclipse action set 'org.eclipse.ui.actionSet.openFiles'
> Start jna [com.sun.jna 5.13.0.v20230812-1000]
2024-06-18 18:42:36.637 - Initialize workbench window
2024-06-18 18:42:36.648 - Finish initialization
> Start 기본 문서 편집기 [org.eclipse.ui.editors 3.17.100.v20231106-1600]
> Start 텍스트 편집기 프레임워크 [org.eclipse.ui.workbench.texteditor 3.17.200.v20231106-1600]
> Start DBeaver UI Editors - Data [org.jkiss.dbeaver.ui.editors.data 1.0.126.202403091004]
Warning: NLS unused message: actions_navigator__objects in: org.jkiss.dbeaver.ui.editors.sql.internal.SQLEditorMessages
> Start DBeaver UI Editors - SQL [org.jkiss.dbeaver.ui.editors.sql 1.0.126.202403091004]
> Start DBeaver SQL Terminal [org.jkiss.dbeaver.ui.editors.sql.terminal 1.0.102.202403091004]
> Start 핵심 비교 지원 [org.eclipse.compare.core 3.8.300.v20231106-1240]
> Start 인터넷 연결 관리 사용자 인터페이스 [org.eclipse.ui.net 1.5.200.v20231106-1240]
> Start Internet Connection Management [org.eclipse.core.net 1.5.200.v20231106-1240]
> Start DBeaver Sample Database [org.jkiss.dbeaver.ext.sample.database 1.0.163.202403091004]
> Start DBeaver Tip of the day [org.jkiss.dbeaver.ext.ui.tipoftheday 1.0.132.202403091004]
> Start GEF Classic Draw2d [org.eclipse.draw2d 3.14.100.202311222042]
> Start GEF Classic GEF (MVC) [org.eclipse.gef 3.16.0.202311222042]
> Start DBeaver ERD UI [org.jkiss.dbeaver.erd.ui 3.0.86.202403091004]
> Start DBeaver ERD Model [org.jkiss.dbeaver.erd.model 1.0.86.202403091004]
> Start DBeaver JDBC Model [org.jkiss.dbeaver.model.jdbc 1.0.19.202403091004]
> Start DBeaver Oracle Model [org.jkiss.dbeaver.ext.oracle 2.1.211.202403091004]
> Start DBeaver UI Editors - Connections [org.jkiss.dbeaver.ui.editors.connection 1.0.117.202403091004]
> Start 콘솔 [org.eclipse.ui.console 3.13.100.v20230914-0751]
> Start 디버그 핵심 [org.eclipse.debug.core 3.21.200.v20231021-1513]
2024-06-18 18:42:40.871 - Connect with 'localhost' (oracle_thin-1900c1851d5-78205641ceb9368d)
2024-06-18 18:42:40.911 - Execution context opened (localhost; Main; 0)
> Start DBeaver SQL Language Semantic Model [org.jkiss.dbeaver.model.lsm 1.0.21.202403091004]
2024-06-18 18:42:41.955 - Execution context opened (localhost; Metadata; 1)
2024-06-18 18:42:42.059 - Open [https://dbeaver.io/product/version.xml]
2024-06-18 18:42:42.287 - Connected (oracle_thin-1900c1851d5-78205641ceb9368d, Oracle JDBC driver [11.2.0.2.0])
2024-06-18 18:42:42.306 - Execution context opened (localhost; SQLEditor <board.sql>; 2)
> Start DBeaver Tasks - Native Tools UI [org.jkiss.dbeaver.tasks.native.ui 1.0.104.202403091004]
> Start DBeaver Oracle UI [org.jkiss.dbeaver.ext.oracle.ui 1.0.113.202403091004]
> Start DBeaver Tasks - General UI [org.jkiss.dbeaver.tasks.ui 1.0.104.202403091004]
2024-06-18 18:42:49.438 - Connect with 'localhost' (oracle_thin-18e375947f8-d1d2167e8803029)
2024-06-18 18:42:49.439 - Execution context opened (localhost; Main; 3)
2024-06-18 18:42:49.480 - Execution context opened (localhost; Metadata; 4)
2024-06-18 18:42:49.537 - Connected (oracle_thin-18e375947f8-d1d2167e8803029, Oracle JDBC driver [11.2.0.2.0])
2024-06-18 18:43:04.049 - Can't get column 'PLUGGED_IN': 부적합한 열 이름
> Start ICU4J Base [com.ibm.icu.base 58.2.0.v20170418-1837]
2024-06-18 18:44:35.611 - Can't get column 'DATA_DEFAULT': 스트림이 이미 종료되었습니다
2024-06-18 18:44:35.717 - Object 'BIN$+GMh13knS/m2brjGBvuvQA==$0' owner 'BIN$DAyDiw/USxugNaAMQMVhUA==$0' not found
2024-06-18 18:44:35.718 - Object 'BIN$01wKOsC6S86ctVat0ujkEA==$0' owner 'BIN$R7ZUsRWhTHqCghpHIio+Cg==$0' not found
2024-06-18 18:44:35.718 - Object 'BIN$2HWdd089SZeNc7npByz8fA==$0' owner 'BIN$zEwYeFoMTfaDqaNOhkmvJw==$0' not found
2024-06-18 18:44:35.719 - Object 'BIN$46VT45C3TkezTMOiuvbK6Q==$0' owner 'BIN$R7ZUsRWhTHqCghpHIio+Cg==$0' not found
2024-06-18 18:44:35.719 - Object 'BIN$5WehKqC5RqGwP0kneJtUWA==$0' owner 'BIN$/YzwZopLS/WHC/EIVWAwLA==$0' not found
2024-06-18 18:44:35.719 - Object 'BIN$5uK6LL2tSgq6KQ4rFHH0iA==$0' owner 'BIN$DAyDiw/USxugNaAMQMVhUA==$0' not found
2024-06-18 18:44:35.719 - Object 'BIN$5yCa5LsTS92n7UREFrdIvw==$0' owner 'BIN$W1pb15VXSFS4smGPcCnrFA==$0' not found
2024-06-18 18:44:35.719 - Object 'BIN$9SrR0i2qTv6Bf23UgnUu2A==$0' owner 'BIN$VMzd6LjLQKi59ifamvkdaQ==$0' not found
2024-06-18 18:44:35.719 - Object 'BIN$B3e94eXfS5ibxf90nAc2vw==$0' owner 'BIN$kTG26drIRny3Enc8cVNFyQ==$0' not found
2024-06-18 18:44:35.719 - Object 'BIN$BSjCbR5NTaiYMas5wPobcw==$0' owner 'BIN$BsHEyH84REqjH41+7fC5EQ==$0' not found
2024-06-18 18:44:35.719 - Object 'BIN$CqGILzfNSI6eRf7Ne4NJPQ==$0' owner 'BIN$BsHEyH84REqjH41+7fC5EQ==$0' not found
2024-06-18 18:44:35.719 - Object 'BIN$DkE1NW7ORbu51r1h20bDYw==$0' owner 'BIN$0pbg0MfnTQy37mIE93T6aQ==$0' not found
2024-06-18 18:44:35.720 - Object 'BIN$EVYz40prRu2H3e9sa0PzjQ==$0' owner 'BIN$uS6tqz7WReGYK3YmzLphKA==$0' not found
2024-06-18 18:44:35.720 - Object 'BIN$ElZAcvqWRXmXkxsB3/l9vw==$0' owner 'BIN$/YzwZopLS/WHC/EIVWAwLA==$0' not found
2024-06-18 18:44:35.720 - Object 'BIN$Gg/8OLSDS0GJDgKRsqidJg==$0' owner 'BIN$uS6tqz7WReGYK3YmzLphKA==$0' not found
2024-06-18 18:44:35.720 - Object 'BIN$HWai1cC0S0ySSSQ+s34a4Q==$0' owner 'BIN$R7ZUsRWhTHqCghpHIio+Cg==$0' not found
2024-06-18 18:44:35.720 - Object 'BIN$NL3tVqeNTdegjhcoDM3FUw==$0' owner 'BIN$GzPlXpspR2W4gcXLv2aqvg==$0' not found
2024-06-18 18:44:35.720 - Object 'BIN$NWylfnOYTKO6FVrYQ33sQA==$0' owner 'BIN$akXZvI2bSBCQoXk6qGOhjQ==$0' not found
2024-06-18 18:44:35.720 - Object 'BIN$QI1TZAgbSGaS8prI8jRKMQ==$0' owner 'BIN$3tO1PRwoSzycJgXpIaq0mg==$0' not found
2024-06-18 18:44:35.721 - Object 'BIN$QPJaJkzNRvibQeU+eSMJ9Q==$0' owner 'BIN$iG10XRH/TQq8nJAh8LJR1w==$0' not found
2024-06-18 18:44:35.721 - Object 'BIN$SSDNBKE1SpSEOy5hHuU1jQ==$0' owner 'BIN$zEwYeFoMTfaDqaNOhkmvJw==$0' not found
2024-06-18 18:44:35.721 - Object 'BIN$Sid6nKzCQEeGrsHHMcmPBw==$0' owner 'BIN$BsHEyH84REqjH41+7fC5EQ==$0' not found
2024-06-18 18:44:35.721 - Object 'BIN$UPbGdtd/Q4WOtUHBdcTYgQ==$0' owner 'BIN$/YzwZopLS/WHC/EIVWAwLA==$0' not found
2024-06-18 18:44:35.721 - Object 'BIN$UYQYNnxIRDum0WJOm88Ffg==$0' owner 'BIN$FXWPnyp7T0SrXqMn0jmWRw==$0' not found
2024-06-18 18:44:35.721 - Object 'BIN$XT4L2zBKQYaZYxPDCcz4Jg==$0' owner 'BIN$qg4TXXPQS4WFuT86QfYi5g==$0' not found
2024-06-18 18:44:35.721 - Object 'BIN$ZaqHiL2NQrabfIdKDzdeIQ==$0' owner 'BIN$zEwYeFoMTfaDqaNOhkmvJw==$0' not found
2024-06-18 18:44:35.721 - Object 'BIN$aNSpvZ+xRlOREMiFEMsXzg==$0' owner 'BIN$uS6tqz7WReGYK3YmzLphKA==$0' not found
2024-06-18 18:44:35.721 - Object 'BIN$aQVbVRgWQrifROAaxQa+WQ==$0' owner 'BIN$/YzwZopLS/WHC/EIVWAwLA==$0' not found
2024-06-18 18:44:35.722 - Object 'BIN$bVUeiLrRR+ahgA/YtydRiw==$0' owner 'BIN$9p5C4xpfS4G3m2qlW05Dgg==$0' not found
2024-06-18 18:44:35.722 - Object 'BIN$cehH65GVR+ePkAIAgZTrqQ==$0' owner 'BIN$/YzwZopLS/WHC/EIVWAwLA==$0' not found
2024-06-18 18:44:35.722 - Object 'BIN$erQCWKmESGKnUSJVWW1Xiw==$0' owner 'BIN$BsHEyH84REqjH41+7fC5EQ==$0' not found
2024-06-18 18:44:35.722 - Object 'BIN$f7K87ouVQhi3X3hef0VTiA==$0' owner 'BIN$qg4TXXPQS4WFuT86QfYi5g==$0' not found
2024-06-18 18:44:35.722 - Object 'BIN$gBGD2zduQrqiTtqRBMPZLg==$0' owner 'BIN$BsHEyH84REqjH41+7fC5EQ==$0' not found
2024-06-18 18:44:35.722 - Object 'BIN$l+00MjFHTFWaVFT+Oo6TSA==$0' owner 'BIN$HR1vC+9wRMCuf6I/uYi6Vw==$0' not found
2024-06-18 18:44:35.722 - Object 'BIN$m/T62K5+TkqsEoJE8NA0hg==$0' owner 'BIN$qg4TXXPQS4WFuT86QfYi5g==$0' not found
2024-06-18 18:44:35.722 - Object 'BIN$nXPm59zISK+CjK/G4b/cLg==$0' owner 'BIN$R7ZUsRWhTHqCghpHIio+Cg==$0' not found
2024-06-18 18:44:35.722 - Object 'BIN$nXPm59zISK+CjK/G4b/cLg==$0' owner 'BIN$R7ZUsRWhTHqCghpHIio+Cg==$0' not found
2024-06-18 18:44:35.723 - Object 'BIN$np8WhVBET/qRv3ebc7fn8Q==$0' owner 'BIN$/YzwZopLS/WHC/EIVWAwLA==$0' not found
2024-06-18 18:44:35.723 - Object 'BIN$nrl/sThdQnSr/rr4DXFVMA==$0' owner 'BIN$BsHEyH84REqjH41+7fC5EQ==$0' not found
2024-06-18 18:44:35.723 - Object 'BIN$pSzevfpxQxaeZkCQRZMtBg==$0' owner 'BIN$B0jRF87NRqujsnOACmYfuQ==$0' not found
2024-06-18 18:44:35.723 - Object 'BIN$qJduK/x9RFy6rwIEwaSgKw==$0' owner 'BIN$R7ZUsRWhTHqCghpHIio+Cg==$0' not found
2024-06-18 18:44:35.723 - Object 'BIN$qi1huKSlSPOvIjhUUyF9dA==$0' owner 'BIN$pWTpkodMQWqXaaUx1KMdmQ==$0' not found
2024-06-18 18:44:35.723 - Object 'BIN$rCN9nvlhS62P+x6nyr5yUA==$0' owner 'BIN$DAyDiw/USxugNaAMQMVhUA==$0' not found
2024-06-18 18:44:35.723 - Object 'BIN$rfSHERgbRJKi+ZEQA2oaQA==$0' owner 'BIN$R7ZUsRWhTHqCghpHIio+Cg==$0' not found
2024-06-18 18:44:35.723 - Object 'BIN$sZ0WPUYTQDOa5uFBaNZs4A==$0' owner 'BIN$DAyDiw/USxugNaAMQMVhUA==$0' not found
2024-06-18 18:44:35.723 - Object 'BIN$szZW2r1VS4OLZqFc15TGbQ==$0' owner 'BIN$EvYXp/IPQTutaNc36g0xzg==$0' not found
2024-06-18 18:44:35.723 - Object 'BIN$u9WOLENuQe60j8D6hA4wfw==$0' owner 'BIN$BsHEyH84REqjH41+7fC5EQ==$0' not found
2024-06-18 18:44:35.724 - Object 'BIN$vxjP3EYZR+6R3dNhBMxNPg==$0' owner 'BIN$HR1vC+9wRMCuf6I/uYi6Vw==$0' not found
2024-06-18 18:44:35.724 - Object 'BIN$wBbiJJ4zTQOyp8nyx9VHfw==$0' owner 'BIN$uS6tqz7WReGYK3YmzLphKA==$0' not found
2024-06-18 18:44:35.724 - Object 'BIN$wyA+Mbi/Sn+BxJhHjXg8/w==$0' owner 'BIN$uS6tqz7WReGYK3YmzLphKA==$0' not found
2024-06-18 18:44:35.724 - Object 'BIN$xshfIyQZR2y2k+SQE4HKUQ==$0' owner 'BIN$r3SB7kApQKeJAVOhKRPo7g==$0' not found
2024-06-18 18:44:35.724 - Object 'BIN$yPPPvjxoR4WbIQr6K3becg==$0' owner 'BIN$wOqlkaAoQpW5XxNGT4bSgg==$0' not found
2024-06-18 18:44:35.724 - Can't get column 'COLUMN_NAMES_NUMS': 부적합한 열 이름
2024-06-18 18:55:52.918 - System suspend detected! Reinitialize all remote connections.
2024-06-18 21:02:24.447 - System suspend detected! Reinitialize all remote connections.
2024-06-18 21:48:38.687 - Execution context closed (localhost, 2)
2024-06-18 21:48:39.202 - DBeaver is stopping
2024-06-18 21:48:39.204 - Stop instance server
2024-06-18 21:48:40.212 - Instance server has been stopped
2024-06-18 21:48:40.213 - DBeaver shutdown completed
